🚀 STARTING EBOOK REWRITE PROCESS - Thu Sep 25 21:01:32 EEST 2025
📚 REWRITING: wat-is-testosteron.html - Thu Sep 25 21:01:35 EEST 2025
✅ COMPLETED: wat-is-testosteron.html - Thu Sep 25 21:06:42 EEST 2025
📚 REWRITING: de-kracht-van-hoog-testosteron.html - Thu Sep 25 21:07:57 EEST 2025
✅ COMPLETED: de-kracht-van-hoog-testosteron.html - Thu Sep 25 21:08:35 EEST 2025
📚 REWRITING: testosteron-killers-wat-moet-je-elimineren.html - Thu Sep 25 21:08:41 EEST 2025
✅ COMPLETED: testosteron-killers-wat-moet-je-elimineren.html - Thu Sep 25 21:10:36 EEST 2025
📚 REWRITING: de-waarheid-over-testosteron-doping.html - Thu Sep 25 21:10:40 EEST 2025
✅ COMPLETED: de-waarheid-over-testosteron-doping.html - Thu Sep 25 21:12:22 EEST 2025
📚 REWRITING: trt-en-mijn-visie.html - Thu Sep 25 21:12:28 EEST 2025
✅ COMPLETED: trt-en-mijn-visie.html - Thu Sep 25 21:13:01 EEST 2025
📚 REWRITING: de-basis-van-discipline.html - Thu Sep 25 21:13:08 EEST 2025
✅ COMPLETED: de-basis-van-discipline.html - Thu Sep 25 21:13:59 EEST 2025
📚 REWRITING: militaire-discipline.html - Thu Sep 25 21:14:03 EEST 2025
✅ COMPLETED: militaire-discipline.html - Thu Sep 25 21:14:24 EEST 2025
📚 REWRITING: discipline-van-korte-termijn-naar-een-levensstijl.html - Thu Sep 25 21:14:35 EEST 2025
✅ COMPLETED: discipline-van-korte-termijn-naar-een-levensstijl.html - Thu Sep 25 21:14:58 EEST 2025
📚 REWRITING: wat-is-identiteit-en-waarom-zijn-kernwaarden-essentieel.html - Thu Sep 25 21:15:07 EEST 2025
✅ COMPLETED: wat-is-identiteit-en-waarom-zijn-kernwaarden-essentieel.html - Thu Sep 25 21:15:28 EEST 2025
📚 REWRITING: ontdek-je-kernwaarden-en-bouw-je-top-tier-identiteit.html - Thu Sep 25 21:15:42 EEST 2025
✅ COMPLETED: ontdek-je-kernwaarden-en-bouw-je-top-tier-identiteit.html - Thu Sep 25 21:16:19 EEST 2025
📚 REWRITING: waarom-is-fysieke-dominantie-zo-belangrijk.html - Thu Sep 25 21:16:26 EEST 2025
✅ COMPLETED: waarom-is-fysieke-dominantie-zo-belangrijk.html - Thu Sep 25 21:16:40 EEST 2025
📚 REWRITING: het-belang-van-kracht-spiermassa-en-conditie.html - Thu Sep 25 21:16:50 EEST 2025
✅ COMPLETED: het-belang-van-kracht-spiermassa-en-conditie.html - Thu Sep 25 21:17:10 EEST 2025
📚 REWRITING: status-zelfrespect-en-aantrekkingskracht.html - Thu Sep 25 21:17:14 EEST 2025
✅ COMPLETED: status-zelfrespect-en-aantrekkingskracht.html - Thu Sep 25 21:17:29 EEST 2025
📚 REWRITING: vitaliteit-en-levensduur.html - Thu Sep 25 21:17:32 EEST 2025
✅ COMPLETED: vitaliteit-en-levensduur.html - Thu Sep 25 21:18:15 EEST 2025
📚 REWRITING: embrace-the-suck.html - Thu Sep 25 21:18:19 EEST 2025
✅ COMPLETED: embrace-the-suck.html - Thu Sep 25 21:18:37 EEST 2025
📚 REWRITING: wat-is-mentale-kracht.html - Thu Sep 25 21:18:44 EEST 2025
✅ COMPLETED: wat-is-mentale-kracht.html - Thu Sep 25 21:20:21 EEST 2025
📚 REWRITING: een-onbreekbare-mindset.html - Thu Sep 25 21:20:25 EEST 2025
✅ COMPLETED: een-onbreekbare-mindset.html - Thu Sep 25 21:22:02 EEST 2025
📚 REWRITING: mentale-weerbaarheid-in-de-praktijk.html - Thu Sep 25 21:22:08 EEST 2025
✅ COMPLETED: mentale-weerbaarheid-in-de-praktijk.html - Thu Sep 25 21:23:41 EEST 2025
📚 REWRITING: wordt-een-onbreekbare-man.html - Thu Sep 25 21:23:46 EEST 2025
✅ COMPLETED: wordt-een-onbreekbare-man.html - Thu Sep 25 21:24:00 EEST 2025
📚 REWRITING: de-financile-mindset.html - Thu Sep 25 21:24:08 EEST 2025
✅ COMPLETED: de-financile-mindset.html - Thu Sep 25 21:24:31 EEST 2025
📚 REWRITING: grip-op-je-geld.html - Thu Sep 25 21:24:35 EEST 2025
✅ COMPLETED: grip-op-je-geld.html - Thu Sep 25 21:24:59 EEST 2025
📚 REWRITING: van-werknemer-naar-eigen-verdienmodellen.html - Thu Sep 25 21:25:03 EEST 2025
✅ COMPLETED: van-werknemer-naar-eigen-verdienmodellen.html - Thu Sep 25 21:25:18 EEST 2025
📚 REWRITING: vermogen-opbouwen-begin-met-investeren.html - Thu Sep 25 21:25:23 EEST 2025
✅ COMPLETED: vermogen-opbouwen-begin-met-investeren.html - Thu Sep 25 21:30:52 EEST 2025
📚 REWRITING: financile-vrijheid-en-legacy.html - Thu Sep 25 21:34:33 EEST 2025
✅ COMPLETED: financile-vrijheid-en-legacy.html - Thu Sep 25 21:40:09 EEST 2025
📚 REWRITING: van-werknemer-naar-eigen-verdienmodellen.html - Thu Sep 25 21:43:23 EEST 2025
✅ COMPLETED: van-werknemer-naar-eigen-verdienmodellen.html - Thu Sep 25 21:45:42 EEST 2025
📚 REWRITING: de-financile-mindset.html - Thu Sep 25 21:45:47 EEST 2025
✅ COMPLETED: de-financile-mindset.html - Thu Sep 25 21:50:19 EEST 2025
📚 REWRITING: grip-op-je-geld.html - Thu Sep 25 21:50:23 EEST 2025
✅ COMPLETED: grip-op-je-geld.html - Thu Sep 25 21:58:56 EEST 2025
📚 REWRITING: van-werknemer-naar-eigen-verdienmodellen.html - Thu Sep 25 21:59:00 EEST 2025
✅ COMPLETED: van-werknemer-naar-eigen-verdienmodellen.html - Thu Sep 25 22:00:12 EEST 2025
📚 REWRITING: vermogen-opbouwen-begin-met-investeren.html - Thu Sep 25 22:00:15 EEST 2025
✅ COMPLETED: vermogen-opbouwen-begin-met-investeren.html - Thu Sep 25 22:01:23 EEST 2025
📚 REWRITING: financile-vrijheid-en-legacy.html - Thu Sep 25 22:01:26 EEST 2025
✅ COMPLETED: financile-vrijheid-en-legacy.html - Thu Sep 25 22:03:22 EEST 2025
🎯 MODULE 5 COMPLETED: Business & Finance (5 ebooks) - Thu Sep 25 22:03:28 EEST 2025
📚 REWRITING: waarom-een-brotherhood.html - Thu Sep 25 22:03:32 EEST 2025
📚 REWRITING: eer-en-loyaliteit.html - Thu Sep 25 22:31:52 EEST 2025
📚 REWRITING: bouw-de-juiste-kring.html - Thu Sep 25 23:27:13 EEST 2025
✅ COMPLETED: bouw-de-juiste-kring.html - Thu Sep 25 23:52:03 EEST 2025
📚 STARTING: cut-the-weak.html - Thu Sep 25 23:52:06 EEST 2025
✅ COMPLETED: cut-the-weak.html - Thu Sep 25 23:55:30 EEST 2025
📚 STARTING: hoe-je-je-broeders-versterkt-en-samen-groeit.html - Thu Sep 25 23:55:35 EEST 2025
