Cleaning 34 files...
Fixed: bouw-de-juiste-kring.html
Fixed: cut-the-weak.html
Fixed: de-basis-van-discipline.html
Fixed: de-basisprincipes-van-voeding.html
Fixed: de-financile-mindset.html
Fixed: de-kracht-van-hoog-testosteron.html
Fixed: de-waarheid-over-testosteron-doping.html
Fixed: discipline-levensstijl.html
Fixed: een-onbreekbare-mindset.html
Fixed: eer-en-loyaliteit.html
Fixed: embrace-the-suck.html
Fixed: energie-en-focus.html
Fixed: financile-vrijheid-en-legacy.html
Fixed: fysieke-dominantie-belangrijk.html
Fixed: gezondheid-als-fundament.html
Fixed: grip-op-je-geld.html
Fixed: het-belang-van-kracht-spiermassa-en-conditie.html
Fixed: hoe-je-je-broeders-versterkt-en-samen-groeit.html
Fixed: hydratatie-en-water-inname.html
Fixed: identiteit-kernwaarden.html
Fixed: mentale-weerbaarheid-in-de-praktijk.html
Fixed: militaire-discipline.html
Fixed: slaap-de-vergeten-superkracht.html
Fixed: status-zelfrespect-en-aantrekkingskracht.html
Fixed: testosteron-killers-wat-moet-je-elimineren.html
Fixed: top-tier-identiteit.html
Fixed: trt-en-mijn-visie.html
Fixed: van-werknemer-naar-eigen-verdienmodellen.html
Fixed: vermogen-opbouwen-begin-met-investeren.html
Fixed: vitaliteit-en-levensduur.html
Fixed: waarom-een-brotherhood.html
Fixed: wat-is-mentale-kracht.html
Fixed: wat-is-testosteron.html
Fixed: wordt-een-onbreekbare-man.html
Done.
